C:\Users\Maxime\Documents\Visual Studio 2008\Projects\RegieLight\Debug\RegieLight.pdb
C:\Users\Maxime\Documents\Visual Studio 2008\Projects\RegieLight\RegieLight\Debug\cl.command.1.tlog
C:\Users\Maxime\Documents\Visual Studio 2008\Projects\RegieLight\RegieLight\Debug\CL.read.1.tlog
C:\Users\Maxime\Documents\Visual Studio 2008\Projects\RegieLight\RegieLight\Debug\CL.write.1.tlog
C:\USERS\MAXIME\DOCUMENTS\VISUAL STUDIO 2008\PROJECTS\REGIELIGHT\REGIELIGHT\DEBUG\CLASSDMX.OBJ
C:\USERS\MAXIME\DOCUMENTS\VISUAL STUDIO 2008\PROJECTS\REGIELIGHT\REGIELIGHT\DEBUG\CLASSSOCKET.OBJ
C:\USERS\MAXIME\DOCUMENTS\VISUAL STUDIO 2008\PROJECTS\REGIELIGHT\REGIELIGHT\DEBUG\CLASSTHREAD.OBJ
C:\Users\Maxime\Documents\Visual Studio 2008\Projects\RegieLight\RegieLight\Debug\link.command.1.tlog
C:\Users\Maxime\Documents\Visual Studio 2008\Projects\RegieLight\RegieLight\Debug\link.read.1.tlog
C:\Users\Maxime\Documents\Visual Studio 2008\Projects\RegieLight\RegieLight\Debug\link.write.1.tlog
C:\Users\Maxime\Documents\Visual Studio 2008\Projects\RegieLight\RegieLight\Debug\link-cvtres.read.1.tlog
C:\Users\Maxime\Documents\Visual Studio 2008\Projects\RegieLight\RegieLight\Debug\link-cvtres.write.1.tlog
C:\Users\Maxime\Documents\Visual Studio 2008\Projects\RegieLight\RegieLight\Debug\rc.command.1.tlog
C:\Users\Maxime\Documents\Visual Studio 2008\Projects\RegieLight\RegieLight\Debug\rc.read.1.tlog
C:\Users\Maxime\Documents\Visual Studio 2008\Projects\RegieLight\RegieLight\Debug\rc.write.1.tlog
C:\Users\Maxime\Documents\Visual Studio 2008\Projects\RegieLight\RegieLight\Debug\RegieLight.exe.embed.manifest
C:\USERS\MAXIME\DOCUMENTS\VISUAL STUDIO 2008\PROJECTS\REGIELIGHT\REGIELIGHT\DEBUG\REGIELIGHT.EXE.EMBED.MANIFEST.RES
C:\Users\Maxime\Documents\Visual Studio 2008\Projects\RegieLight\RegieLight\Debug\RegieLight.exe.intermediate.manifest
C:\USERS\MAXIME\DOCUMENTS\VISUAL STUDIO 2008\PROJECTS\REGIELIGHT\REGIELIGHT\DEBUG\REGIELIGHT.OBJ
C:\USERS\MAXIME\DOCUMENTS\VISUAL STUDIO 2008\PROJECTS\REGIELIGHT\REGIELIGHT\DEBUG\REGIELIGHT.PCH
C:\USERS\MAXIME\DOCUMENTS\VISUAL STUDIO 2008\PROJECTS\REGIELIGHT\REGIELIGHT\DEBUG\REGIELIGHT.RES
C:\Users\Maxime\Documents\Visual Studio 2008\Projects\RegieLight\RegieLight\Debug\RegieLight.write.1.tlog
C:\Users\Maxime\Documents\Visual Studio 2008\Projects\RegieLight\RegieLight\Debug\RegieLight_manifest.rc
C:\USERS\MAXIME\DOCUMENTS\VISUAL STUDIO 2008\PROJECTS\REGIELIGHT\REGIELIGHT\DEBUG\SOCKETSERVEUR.OBJ
C:\USERS\MAXIME\DOCUMENTS\VISUAL STUDIO 2008\PROJECTS\REGIELIGHT\REGIELIGHT\DEBUG\STDAFX.OBJ
C:\Users\Maxime\Documents\Visual Studio 2008\Projects\RegieLight\RegieLight\Debug\vc100.idb
C:\USERS\MAXIME\DOCUMENTS\VISUAL STUDIO 2008\PROJECTS\REGIELIGHT\REGIELIGHT\DEBUG\VC100.PDB
