La génération a démarré 28/01/2013 16:41:59.
     1>Projet "C:\Users\Maxime\Documents\Visual Studio 2008\Projects\RegieLight\RegieLight\RegieLight.vcxproj" sur le nœud 2 (build cible(s)).
     1>InitializeBuildStatus:
         Création de "Debug\RegieLight.unsuccessfulbuild", car "AlwaysCreate" a été spécifié.
       ClCompile:
         Toutes les sorties sont à jour.
         C:\Program Files (x86)\Microsoft Visual Studio 10.0\VC\bin\CL.exe /c /ZI /nologo /W3 /WX- /Od /Oy- /D WIN32 /D _DEBUG /D _CONSOLE /D _UNICODE /D UNICODE /Gm /EHsc /RTC1 /MDd /GS /fp:precise /Zc:wchar_t /Zc:forScope /Yu"StdAfx.h" /Fp"Debug\RegieLight.pch" /Fo"Debug\\" /Fd"Debug\vc100.pdb" /Gd /TP /analyze- /errorReport:prompt RegieLight.cpp
         RegieLight.cpp
     1>c:\users\maxime\documents\visual studio 2008\projects\regielight\regielight\regielight.cpp(64): warning C4996: 'getch': The POSIX name for this item is deprecated. Instead, use the ISO C++ conformant name: _getch. See online help for details.
                 c:\program files (x86)\microsoft visual studio 10.0\vc\include\conio.h(128) : voir la déclaration de 'getch'
       ResourceCompile:
         Toutes les sorties sont à jour.
       ManifestResourceCompile:
         Toutes les sorties sont à jour.
       Link:
         C:\Program Files (x86)\Microsoft Visual Studio 10.0\VC\bin\link.exe /ERRORREPORT:PROMPT /OUT:"C:\Users\Maxime\Documents\Visual Studio 2008\Projects\RegieLight\Debug\RegieLight.exe" /INCREMENTAL /NOLOGO ftd2xx.lib kernel32.lib user32.lib gdi32.lib winspool.lib comdlg32.lib advapi32.lib shell32.lib ole32.lib oleaut32.lib uuid.lib odbc32.lib odbccp32.lib /MANIFEST /ManifestFile:"Debug\RegieLight.exe.intermediate.manifest" /MANIFESTUAC:"level='asInvoker' uiAccess='false'" /DEBUG /PDB:"C:\Users\Maxime\Documents\Visual Studio 2008\Projects\RegieLight\Debug\RegieLight.pdb" /SUBSYSTEM:CONSOLE /TLBID:1 /DYNAMICBASE /NXCOMPAT /IMPLIB:"C:\Users\Maxime\Documents\Visual Studio 2008\Projects\RegieLight\Debug\RegieLight.lib" /MACHINE:X86 Debug\RegieLight.res
         Debug\RegieLight.exe.embed.manifest.res
         Debug\ClassDMX.obj
         Debug\ClassSocket.obj
         Debug\ClassThread.obj
         Debug\RegieLight.obj
         Debug\SocketServeur.obj
         Debug\stdafx.obj
         Debug\pthreadVCE2.lib
         FTD2XX.lib
       Manifest:
         c:\Program Files (x86)\Microsoft SDKs\Windows\v7.0A\bin\mt.exe /nologo /verbose /out:"Debug\RegieLight.exe.embed.manifest" /manifest Debug\RegieLight.exe.intermediate.manifest
         Toutes les sorties sont à jour.
       LinkEmbedManifest:
         Toutes les sorties sont à jour.
         RegieLight.vcxproj -> C:\Users\Maxime\Documents\Visual Studio 2008\Projects\RegieLight\Debug\RegieLight.exe
       FinalizeBuildStatus:
         Suppression du fichier "Debug\RegieLight.unsuccessfulbuild".
         Mise à jour de l'horodatage "Debug\RegieLight.lastbuildstate".
     1>Génération du projet "C:\Users\Maxime\Documents\Visual Studio 2008\Projects\RegieLight\RegieLight\RegieLight.vcxproj" terminée (build cible(s)).

La génération a réussi.

Temps écoulé 00:00:04.15
